Copyright 1986-2020 Xilinx, Inc. All Rights Reserved.
-------------------------------------------------------------------------------------------------------------------------------------------------
| Tool Version     : Vivado v.2020.2 (win64) Build 3064766 Wed Nov 18 09:12:45 MST 2020
| Date             : Thu Jun  4 15:50:18 2026
| Host             : huancheng running 64-bit major release  (build 9200)
| Command          : report_power -file board_top_power_routed.rpt -pb board_top_power_summary_routed.pb -rpx board_top_power_routed.rpx
| Design           : board_top
| Device           : xc7k160tffg676-2
| Design State     : routed
| Grade            : commercial
| Process          : typical
| Characterization : Production
-------------------------------------------------------------------------------------------------------------------------------------------------

Power Report

Table of Contents
-----------------
1. Summary
1.1 On-Chip Components
1.2 Power Supply Summary
1.3 Confidence Level
2. Settings
2.1 Environment
2.2 Clock Constraints
3. Detailed Reports
3.1 By Hierarchy

1. Summary
----------

+--------------------------+--------------+
| Total On-Chip Power (W)  | 0.235        |
| Design Power Budget (W)  | Unspecified* |
| Power Budget Margin (W)  | NA           |
| Dynamic (W)              | 0.122        |
| Device Static (W)        | 0.113        |
| Effective TJA (C/W)      | 1.9          |
| Max Ambient (C)          | 84.5         |
| Junction Temperature (C) | 25.5         |
| Confidence Level         | Medium       |
| Setting File             | ---          |
| Simulation Activity File | ---          |
| Design Nets Matched      | NA           |
+--------------------------+--------------+
* Specify Design Power Budget using, set_operating_conditions -design_power_budget <value in Watts>


1.1 On-Chip Components
----------------------

+--------------------------+-----------+----------+-----------+-----------------+
| On-Chip                  | Power (W) | Used     | Available | Utilization (%) |
+--------------------------+-----------+----------+-----------+-----------------+
| Clocks                   |     0.009 |        6 |       --- |             --- |
| Slice Logic              |     0.001 |    11177 |       --- |             --- |
|   LUT as Logic           |    <0.001 |     3207 |    101400 |            3.16 |
|   LUT as Shift Register  |    <0.001 |      143 |     35000 |            0.41 |
|   Register               |    <0.001 |     6077 |    202800 |            3.00 |
|   CARRY4                 |    <0.001 |       90 |     25350 |            0.36 |
|   LUT as Distributed RAM |    <0.001 |       46 |     35000 |            0.13 |
|   F7/F8 Muxes            |    <0.001 |      792 |    101400 |            0.78 |
|   Others                 |     0.000 |      343 |       --- |             --- |
| Signals                  |     0.002 |     8474 |       --- |             --- |
| Block RAM                |     0.004 |       15 |       325 |            4.62 |
| MMCM                     |     0.105 |        1 |         8 |           12.50 |
| DSPs                     |    <0.001 |        3 |       600 |            0.50 |
| I/O                      |    <0.001 |        2 |       400 |            0.50 |
| Static Power             |     0.113 |          |           |                 |
| Total                    |     0.235 |          |           |                 |
+--------------------------+-----------+----------+-----------+-----------------+


1.2 Power Supply Summary
------------------------

+-----------+-------------+-----------+-------------+------------+-------------+-------------+------------+
| Source    | Voltage (V) | Total (A) | Dynamic (A) | Static (A) | Powerup (A) | Budget (A)  | Margin (A) |
+-----------+-------------+-----------+-------------+------------+-------------+-------------+------------+
| Vccint    |       1.000 |     0.057 |       0.016 |      0.041 |       NA    | Unspecified | NA         |
| Vccaux    |       1.800 |     0.077 |       0.058 |      0.018 |       NA    | Unspecified | NA         |
| Vcco33    |       3.300 |     0.000 |       0.000 |      0.000 |       NA    | Unspecified | NA         |
| Vcco25    |       2.500 |     0.000 |       0.000 |      0.000 |       NA    | Unspecified | NA         |
| Vcco18    |       1.800 |     0.001 |       0.000 |      0.001 |       NA    | Unspecified | NA         |
| Vcco15    |       1.500 |     0.000 |       0.000 |      0.000 |       NA    | Unspecified | NA         |
| Vcco135   |       1.350 |     0.000 |       0.000 |      0.000 |       NA    | Unspecified | NA         |
| Vcco12    |       1.200 |     0.000 |       0.000 |      0.000 |       NA    | Unspecified | NA         |
| Vccaux_io |       1.800 |     0.000 |       0.000 |      0.000 |       NA    | Unspecified | NA         |
| Vccbram   |       1.000 |     0.002 |       0.000 |      0.001 |       NA    | Unspecified | NA         |
| MGTAVcc   |       1.000 |     0.000 |       0.000 |      0.000 |       NA    | Unspecified | NA         |
| MGTAVtt   |       1.200 |     0.000 |       0.000 |      0.000 |       NA    | Unspecified | NA         |
| MGTVccaux |       1.800 |     0.000 |       0.000 |      0.000 |       NA    | Unspecified | NA         |
| Vccadc    |       1.800 |     0.020 |       0.000 |      0.020 |       NA    | Unspecified | NA         |
+-----------+-------------+-----------+-------------+------------+-------------+-------------+------------+


1.3 Confidence Level
--------------------

+-----------------------------+------------+-------------------------------------------------------+------------------------------------------------------------------------------------------------------------+
| User Input Data             | Confidence | Details                                               | Action                                                                                                     |
+-----------------------------+------------+-------------------------------------------------------+------------------------------------------------------------------------------------------------------------+
| Design implementation state | High       | Design is routed                                      |                                                                                                            |
| Clock nodes activity        | High       | User specified more than 95% of clocks                |                                                                                                            |
| I/O nodes activity          | Medium     | More than 5% of inputs are missing user specification | Provide missing input activity with simulation results or by editing the "By Resource Type -> I/Os" view   |
| Internal nodes activity     | Medium     | User specified less than 25% of internal nodes        | Provide missing internal nodes activity with simulation results or by editing the "By Resource Type" views |
| Device models               | High       | Device models are Production                          |                                                                                                            |
|                             |            |                                                       |                                                                                                            |
| Overall confidence level    | Medium     |                                                       |                                                                                                            |
+-----------------------------+------------+-------------------------------------------------------+------------------------------------------------------------------------------------------------------------+


2. Settings
-----------

2.1 Environment
---------------

+-----------------------+--------------------------+
| Ambient Temp (C)      | 25.0                     |
| ThetaJA (C/W)         | 1.9                      |
| Airflow (LFM)         | 250                      |
| Heat Sink             | medium (Medium Profile)  |
| ThetaSA (C/W)         | 3.4                      |
| Board Selection       | medium (10"x10")         |
| # of Board Layers     | 12to15 (12 to 15 Layers) |
| Board Temperature (C) | 25.0                     |
+-----------------------+--------------------------+


2.2 Clock Constraints
---------------------

+--------------------------------------------------------------------------------------------+----------------------------------------------------------------------+-----------------+
| Clock                                                                                      | Domain                                                               | Constraint (ns) |
+--------------------------------------------------------------------------------------------+----------------------------------------------------------------------+-----------------+
| clk_out1_clk_wiz_0_1                                                                       | u_clk_wiz/inst/clk_out1_clk_wiz_0                                    |            20.0 |
| clkfbout_clk_wiz_0_1                                                                       | u_clk_wiz/inst/clkfbout_clk_wiz_0                                    |            20.0 |
| dbg_hub/inst/BSCANID.u_xsdbm_id/SWITCH_N_EXT_BSCAN.bscan_inst/SERIES7_BSCAN.bscan_inst/TCK | dbg_hub/inst/BSCANID.u_xsdbm_id/SWITCH_N_EXT_BSCAN.bscan_inst/tck_bs |            33.0 |
| sys_clk_pin                                                                                | clk_in1                                                              |            20.0 |
+--------------------------------------------------------------------------------------------+----------------------------------------------------------------------+-----------------+


3. Detailed Reports
-------------------

3.1 By Hierarchy
----------------

+--------------------------+-----------+
| Name                     | Power (W) |
+--------------------------+-----------+
| board_top                |     0.122 |
|   dbg_hub                |     0.002 |
|     inst                 |     0.002 |
|       BSCANID.u_xsdbm_id |     0.002 |
|   u_clk_wiz              |     0.105 |
|     inst                 |     0.105 |
|   u_ila                  |     0.006 |
|     U0                   |     0.006 |
|       ila_core_inst      |     0.006 |
|   u_mcu_fft_system       |     0.006 |
|     u_core               |     0.006 |
|       u_data_mem         |     0.004 |
|   u_verify_ram           |     0.001 |
|     U0                   |     0.001 |
|       inst_blk_mem_gen   |     0.001 |
+--------------------------+-----------+


